[debug] ----------------------------------------------------------------------
[debug] Command:      D:\Programs\NodeJS\node.exe C:\Users\Tenor\AppData\Roaming\npm\node_modules\firebase-tools\bin\firebase deploy
[debug] CLI Version:  3.5.0
[debug] Platform:     win32
[debug] Node Version: v7.4.0
[debug] Time:         Tue Apr 04 2017 00:26:57 GMT-0400 (Eastern Daylight Time)
[debug] ----------------------------------------------------------------------
[debug] 
[debug] > command requires scopes: ["email","openid","https://www.googleapis.com/auth/cloudplatformprojects.readonly","https://www.googleapis.com/auth/firebase","https://www.googleapis.com/auth/cloud-platform"]
[debug] > refreshing access token with scopes: ["email","https://www.googleapis.com/auth/cloud-platform","https://www.googleapis.com/auth/cloudplatformprojects.readonly","https://www.googleapis.com/auth/firebase","openid"]
[debug] >>> HTTP REQUEST POST https://www.googleapis.com/oauth2/v3/token { refresh_token: '1/xO8Kc6aeBzBuWt_35fsBYn4D2id4hVz0dYgrYXy8-eJNcG9g04fMxdByOSQ32qaT',
  client_id: '563584335869-fgrhgmd47bqnekij5i8b5pr03ho849e6.apps.googleusercontent.com',
  client_secret: 'j9iVZfS8kkCEFUPaAeJV0sAi',
  grant_type: 'refresh_token',
  scope: 'email https://www.googleapis.com/auth/cloud-platform https://www.googleapis.com/auth/cloudplatformprojects.readonly https://www.googleapis.com/auth/firebase openid' } 
 Tue Apr 04 2017 00:26:57 GMT-0400 (Eastern Daylight Time)
[debug] <<< HTTP RESPONSE 200
[debug] >>> HTTP REQUEST GET https://admin.firebase.com/v1/projects/bookstore-e0ecb  
 Tue Apr 04 2017 00:26:57 GMT-0400 (Eastern Daylight Time)
[debug] <<< HTTP RESPONSE 504
[debug] <<< HTTP RESPONSE BODY <html>
<head><title>504 Gateway Time-out</title></head>
<body bgcolor="white">
<center><h1>504 Gateway Time-out</h1></center>
<hr><center>nginx</center>
</body>
</html>

[debug] TypeError: Cannot create property 'error' on string '<html>
<head><title>504 Gateway Time-out</title></head>
<body bgcolor="white">
<center><h1>504 Gateway Time-out</h1></center>
<hr><center>nginx</center>
</body>
</html>
'
    at module.exports (C:\Users\Tenor\AppData\Roaming\npm\node_modules\firebase-tools\lib\responseToError.js:11:16)
    at Request._callback (C:\Users\Tenor\AppData\Roaming\npm\node_modules\firebase-tools\lib\api.js:39:25)
    at Request.self.callback (C:\Users\Tenor\AppData\Roaming\npm\node_modules\firebase-tools\node_modules\request\request.js:188:22)
    at emitTwo (events.js:106:13)
    at Request.emit (events.js:191:7)
    at Request.<anonymous> (C:\Users\Tenor\AppData\Roaming\npm\node_modules\firebase-tools\node_modules\request\request.js:1171:10)
    at emitOne (events.js:96:13)
    at Request.emit (events.js:188:7)
    at IncomingMessage.<anonymous> (C:\Users\Tenor\AppData\Roaming\npm\node_modules\firebase-tools\node_modules\request\request.js:1091:12)
    at Object.onceWrapper (events.js:290:19)
[error] 
[error] Error: An unexpected error has occurred.
